<?xml version="1.0" encoding="UTF-8"?>
<testsuite xmlns:xsi="http://www.w3.org/2001/XMLSchema-instance" xsi:noNamespaceSchemaLocation="https://maven.apache.org/surefire/maven-surefire-plugin/xsd/surefire-test-report-3.0.xsd" version="3.0" name="iset.iot.UbidotsDashboardApplicationTests" time="6.402" tests="1" errors="0" skipped="0" failures="0">
  <properties>
    <property name="java.specification.version" value="20"/>
    <property name="sun.cpu.isalist" value="amd64"/>
    <property name="sun.jnu.encoding" value="Cp1252"/>
    <property name="java.class.path" value="C:\Users\21629\workspace\sts-workspace\ubidots_dashboard\target\test-classes;C:\Users\21629\workspace\sts-workspace\ubidots_dashboard\target\classes;C:\apache-maven-3.8.4\local\org\springframework\boot\spring-boot-starter\3.1.5\spring-boot-starter-3.1.5.jar;C:\apache-maven-3.8.4\local\org\springframework\boot\spring-boot\3.1.5\spring-boot-3.1.5.jar;C:\apache-maven-3.8.4\local\org\springframework\spring-context\6.0.13\spring-context-6.0.13.jar;C:\apache-maven-3.8.4\local\org\springframework\boot\spring-boot-autoconfigure\3.1.5\spring-boot-autoconfigure-3.1.5.jar;C:\apache-maven-3.8.4\local\org\springframework\boot\spring-boot-starter-logging\3.1.5\spring-boot-starter-logging-3.1.5.jar;C:\apache-maven-3.8.4\local\ch\qos\logback\logback-classic\1.4.11\logback-classic-1.4.11.jar;C:\apache-maven-3.8.4\local\ch\qos\logback\logback-core\1.4.11\logback-core-1.4.11.jar;C:\apache-maven-3.8.4\local\org\apache\logging\log4j\log4j-to-slf4j\2.20.0\log4j-to-slf4j-2.20.0.jar;C:\apache-maven-3.8.4\local\org\apache\logging\log4j\log4j-api\2.20.0\log4j-api-2.20.0.jar;C:\apache-maven-3.8.4\local\org\slf4j\jul-to-slf4j\2.0.9\jul-to-slf4j-2.0.9.jar;C:\apache-maven-3.8.4\local\jakarta\annotation\jakarta.annotation-api\2.1.1\jakarta.annotation-api-2.1.1.jar;C:\apache-maven-3.8.4\local\org\springframework\spring-core\6.0.13\spring-core-6.0.13.jar;C:\apache-maven-3.8.4\local\org\springframework\spring-jcl\6.0.13\spring-jcl-6.0.13.jar;C:\apache-maven-3.8.4\local\org\yaml\snakeyaml\1.33\snakeyaml-1.33.jar;C:\apache-maven-3.8.4\local\org\springframework\boot\spring-boot-starter-web\3.1.5\spring-boot-starter-web-3.1.5.jar;C:\apache-maven-3.8.4\local\org\springframework\boot\spring-boot-starter-json\3.1.5\spring-boot-starter-json-3.1.5.jar;C:\apache-maven-3.8.4\local\com\fasterxml\jackson\core\jackson-databind\2.15.3\jackson-databind-2.15.3.jar;C:\apache-maven-3.8.4\local\com\fasterxml\jackson\core\jackson-annotations\2.15.3\jackson-annotations-2.15.3.jar;C:\apache-maven-3.8.4\local\com\fasterxml\jackson\core\jackson-core\2.15.3\jackson-core-2.15.3.jar;C:\apache-maven-3.8.4\local\com\fasterxml\jackson\datatype\jackson-datatype-jdk8\2.15.3\jackson-datatype-jdk8-2.15.3.jar;C:\apache-maven-3.8.4\local\com\fasterxml\jackson\datatype\jackson-datatype-jsr310\2.15.3\jackson-datatype-jsr310-2.15.3.jar;C:\apache-maven-3.8.4\local\com\fasterxml\jackson\module\jackson-module-parameter-names\2.15.3\jackson-module-parameter-names-2.15.3.jar;C:\apache-maven-3.8.4\local\org\springframework\boot\spring-boot-starter-tomcat\3.1.5\spring-boot-starter-tomcat-3.1.5.jar;C:\apache-maven-3.8.4\local\org\apache\tomcat\embed\tomcat-embed-core\10.1.15\tomcat-embed-core-10.1.15.jar;C:\apache-maven-3.8.4\local\org\apache\tomcat\embed\tomcat-embed-el\10.1.15\tomcat-embed-el-10.1.15.jar;C:\apache-maven-3.8.4\local\org\apache\tomcat\embed\tomcat-embed-websocket\10.1.15\tomcat-embed-websocket-10.1.15.jar;C:\apache-maven-3.8.4\local\org\springframework\spring-web\6.0.13\spring-web-6.0.13.jar;C:\apache-maven-3.8.4\local\org\springframework\spring-beans\6.0.13\spring-beans-6.0.13.jar;C:\apache-maven-3.8.4\local\io\micrometer\micrometer-observation\1.11.5\micrometer-observation-1.11.5.jar;C:\apache-maven-3.8.4\local\io\micrometer\micrometer-commons\1.11.5\micrometer-commons-1.11.5.jar;C:\apache-maven-3.8.4\local\org\springframework\spring-webmvc\6.0.13\spring-webmvc-6.0.13.jar;C:\apache-maven-3.8.4\local\org\springframework\spring-aop\6.0.13\spring-aop-6.0.13.jar;C:\apache-maven-3.8.4\local\org\springframework\spring-expression\6.0.13\spring-expression-6.0.13.jar;C:\apache-maven-3.8.4\local\org\springframework\boot\spring-boot-starter-test\3.1.5\spring-boot-starter-test-3.1.5.jar;C:\apache-maven-3.8.4\local\org\springframework\boot\spring-boot-test\3.1.5\spring-boot-test-3.1.5.jar;C:\apache-maven-3.8.4\local\org\springframework\boot\spring-boot-test-autoconfigure\3.1.5\spring-boot-test-autoconfigure-3.1.5.jar;C:\apache-maven-3.8.4\local\com\jayway\jsonpath\json-path\2.8.0\json-path-2.8.0.jar;C:\apache-maven-3.8.4\local\org\slf4j\slf4j-api\2.0.9\slf4j-api-2.0.9.jar;C:\apache-maven-3.8.4\local\jakarta\xml\bind\jakarta.xml.bind-api\4.0.1\jakarta.xml.bind-api-4.0.1.jar;C:\apache-maven-3.8.4\local\jakarta\activation\jakarta.activation-api\2.1.2\jakarta.activation-api-2.1.2.jar;C:\apache-maven-3.8.4\local\net\minidev\json-smart\2.4.11\json-smart-2.4.11.jar;C:\apache-maven-3.8.4\local\net\minidev\accessors-smart\2.4.11\accessors-smart-2.4.11.jar;C:\apache-maven-3.8.4\local\org\ow2\asm\asm\9.3\asm-9.3.jar;C:\apache-maven-3.8.4\local\org\assertj\assertj-core\3.24.2\assertj-core-3.24.2.jar;C:\apache-maven-3.8.4\local\net\bytebuddy\byte-buddy\1.14.9\byte-buddy-1.14.9.jar;C:\apache-maven-3.8.4\local\org\hamcrest\hamcrest\2.2\hamcrest-2.2.jar;C:\apache-maven-3.8.4\local\org\junit\jupiter\junit-jupiter\5.9.3\junit-jupiter-5.9.3.jar;C:\apache-maven-3.8.4\local\org\junit\jupiter\junit-jupiter-api\5.9.3\junit-jupiter-api-5.9.3.jar;C:\apache-maven-3.8.4\local\org\opentest4j\opentest4j\1.2.0\opentest4j-1.2.0.jar;C:\apache-maven-3.8.4\local\org\junit\platform\junit-platform-commons\1.9.3\junit-platform-commons-1.9.3.jar;C:\apache-maven-3.8.4\local\org\apiguardian\apiguardian-api\1.1.2\apiguardian-api-1.1.2.jar;C:\apache-maven-3.8.4\local\org\junit\jupiter\junit-jupiter-params\5.9.3\junit-jupiter-params-5.9.3.jar;C:\apache-maven-3.8.4\local\org\junit\jupiter\junit-jupiter-engine\5.9.3\junit-jupiter-engine-5.9.3.jar;C:\apache-maven-3.8.4\local\org\junit\platform\junit-platform-engine\1.9.3\junit-platform-engine-1.9.3.jar;C:\apache-maven-3.8.4\local\org\mockito\mockito-core\5.3.1\mockito-core-5.3.1.jar;C:\apache-maven-3.8.4\local\net\bytebuddy\byte-buddy-agent\1.14.9\byte-buddy-agent-1.14.9.jar;C:\apache-maven-3.8.4\local\org\objenesis\objenesis\3.3\objenesis-3.3.jar;C:\apache-maven-3.8.4\local\org\mockito\mockito-junit-jupiter\5.3.1\mockito-junit-jupiter-5.3.1.jar;C:\apache-maven-3.8.4\local\org\skyscreamer\jsonassert\1.5.1\jsonassert-1.5.1.jar;C:\apache-maven-3.8.4\local\com\vaadin\external\google\android-json\0.0.20131108.vaadin1\android-json-0.0.20131108.vaadin1.jar;C:\apache-maven-3.8.4\local\org\springframework\spring-test\6.0.13\spring-test-6.0.13.jar;C:\apache-maven-3.8.4\local\org\xmlunit\xmlunit-core\2.9.1\xmlunit-core-2.9.1.jar;"/>
    <property name="java.vm.vendor" value="Oracle Corporation"/>
    <property name="sun.arch.data.model" value="64"/>
    <property name="user.variant" value=""/>
    <property name="java.vendor.url" value="https://java.oracle.com/"/>
    <property name="user.timezone" value="GMT+01:00"/>
    <property name="user.country.format" value="150"/>
    <property name="os.name" value="Windows 10"/>
    <property name="java.vm.specification.version" value="20"/>
    <property name="sun.java.launcher" value="SUN_STANDARD"/>
    <property name="user.country" value="US"/>
    <property name="sun.boot.library.path" value="C:\Program Files\Java\jdk-20\bin"/>
    <property name="sun.java.command" value="C:\Users\21629\AppData\Local\Temp\surefire14853863805033371066\surefirebooter-20231021215716572_3.jar C:\Users\21629\AppData\Local\Temp\surefire14853863805033371066 2023-10-21T21-57-16_256-jvmRun1 surefire-20231021215716572_1tmp surefire_0-20231021215716572_2tmp"/>
    <property name="jdk.debug" value="release"/>
    <property name="surefire.test.class.path" value="C:\Users\21629\workspace\sts-workspace\ubidots_dashboard\target\test-classes;C:\Users\21629\workspace\sts-workspace\ubidots_dashboard\target\classes;C:\apache-maven-3.8.4\local\org\springframework\boot\spring-boot-starter\3.1.5\spring-boot-starter-3.1.5.jar;C:\apache-maven-3.8.4\local\org\springframework\boot\spring-boot\3.1.5\spring-boot-3.1.5.jar;C:\apache-maven-3.8.4\local\org\springframework\spring-context\6.0.13\spring-context-6.0.13.jar;C:\apache-maven-3.8.4\local\org\springframework\boot\spring-boot-autoconfigure\3.1.5\spring-boot-autoconfigure-3.1.5.jar;C:\apache-maven-3.8.4\local\org\springframework\boot\spring-boot-starter-logging\3.1.5\spring-boot-starter-logging-3.1.5.jar;C:\apache-maven-3.8.4\local\ch\qos\logback\logback-classic\1.4.11\logback-classic-1.4.11.jar;C:\apache-maven-3.8.4\local\ch\qos\logback\logback-core\1.4.11\logback-core-1.4.11.jar;C:\apache-maven-3.8.4\local\org\apache\logging\log4j\log4j-to-slf4j\2.20.0\log4j-to-slf4j-2.20.0.jar;C:\apache-maven-3.8.4\local\org\apache\logging\log4j\log4j-api\2.20.0\log4j-api-2.20.0.jar;C:\apache-maven-3.8.4\local\org\slf4j\jul-to-slf4j\2.0.9\jul-to-slf4j-2.0.9.jar;C:\apache-maven-3.8.4\local\jakarta\annotation\jakarta.annotation-api\2.1.1\jakarta.annotation-api-2.1.1.jar;C:\apache-maven-3.8.4\local\org\springframework\spring-core\6.0.13\spring-core-6.0.13.jar;C:\apache-maven-3.8.4\local\org\springframework\spring-jcl\6.0.13\spring-jcl-6.0.13.jar;C:\apache-maven-3.8.4\local\org\yaml\snakeyaml\1.33\snakeyaml-1.33.jar;C:\apache-maven-3.8.4\local\org\springframework\boot\spring-boot-starter-web\3.1.5\spring-boot-starter-web-3.1.5.jar;C:\apache-maven-3.8.4\local\org\springframework\boot\spring-boot-starter-json\3.1.5\spring-boot-starter-json-3.1.5.jar;C:\apache-maven-3.8.4\local\com\fasterxml\jackson\core\jackson-databind\2.15.3\jackson-databind-2.15.3.jar;C:\apache-maven-3.8.4\local\com\fasterxml\jackson\core\jackson-annotations\2.15.3\jackson-annotations-2.15.3.jar;C:\apache-maven-3.8.4\local\com\fasterxml\jackson\core\jackson-core\2.15.3\jackson-core-2.15.3.jar;C:\apache-maven-3.8.4\local\com\fasterxml\jackson\datatype\jackson-datatype-jdk8\2.15.3\jackson-datatype-jdk8-2.15.3.jar;C:\apache-maven-3.8.4\local\com\fasterxml\jackson\datatype\jackson-datatype-jsr310\2.15.3\jackson-datatype-jsr310-2.15.3.jar;C:\apache-maven-3.8.4\local\com\fasterxml\jackson\module\jackson-module-parameter-names\2.15.3\jackson-module-parameter-names-2.15.3.jar;C:\apache-maven-3.8.4\local\org\springframework\boot\spring-boot-starter-tomcat\3.1.5\spring-boot-starter-tomcat-3.1.5.jar;C:\apache-maven-3.8.4\local\org\apache\tomcat\embed\tomcat-embed-core\10.1.15\tomcat-embed-core-10.1.15.jar;C:\apache-maven-3.8.4\local\org\apache\tomcat\embed\tomcat-embed-el\10.1.15\tomcat-embed-el-10.1.15.jar;C:\apache-maven-3.8.4\local\org\apache\tomcat\embed\tomcat-embed-websocket\10.1.15\tomcat-embed-websocket-10.1.15.jar;C:\apache-maven-3.8.4\local\org\springframework\spring-web\6.0.13\spring-web-6.0.13.jar;C:\apache-maven-3.8.4\local\org\springframework\spring-beans\6.0.13\spring-beans-6.0.13.jar;C:\apache-maven-3.8.4\local\io\micrometer\micrometer-observation\1.11.5\micrometer-observation-1.11.5.jar;C:\apache-maven-3.8.4\local\io\micrometer\micrometer-commons\1.11.5\micrometer-commons-1.11.5.jar;C:\apache-maven-3.8.4\local\org\springframework\spring-webmvc\6.0.13\spring-webmvc-6.0.13.jar;C:\apache-maven-3.8.4\local\org\springframework\spring-aop\6.0.13\spring-aop-6.0.13.jar;C:\apache-maven-3.8.4\local\org\springframework\spring-expression\6.0.13\spring-expression-6.0.13.jar;C:\apache-maven-3.8.4\local\org\springframework\boot\spring-boot-starter-test\3.1.5\spring-boot-starter-test-3.1.5.jar;C:\apache-maven-3.8.4\local\org\springframework\boot\spring-boot-test\3.1.5\spring-boot-test-3.1.5.jar;C:\apache-maven-3.8.4\local\org\springframework\boot\spring-boot-test-autoconfigure\3.1.5\spring-boot-test-autoconfigure-3.1.5.jar;C:\apache-maven-3.8.4\local\com\jayway\jsonpath\json-path\2.8.0\json-path-2.8.0.jar;C:\apache-maven-3.8.4\local\org\slf4j\slf4j-api\2.0.9\slf4j-api-2.0.9.jar;C:\apache-maven-3.8.4\local\jakarta\xml\bind\jakarta.xml.bind-api\4.0.1\jakarta.xml.bind-api-4.0.1.jar;C:\apache-maven-3.8.4\local\jakarta\activation\jakarta.activation-api\2.1.2\jakarta.activation-api-2.1.2.jar;C:\apache-maven-3.8.4\local\net\minidev\json-smart\2.4.11\json-smart-2.4.11.jar;C:\apache-maven-3.8.4\local\net\minidev\accessors-smart\2.4.11\accessors-smart-2.4.11.jar;C:\apache-maven-3.8.4\local\org\ow2\asm\asm\9.3\asm-9.3.jar;C:\apache-maven-3.8.4\local\org\assertj\assertj-core\3.24.2\assertj-core-3.24.2.jar;C:\apache-maven-3.8.4\local\net\bytebuddy\byte-buddy\1.14.9\byte-buddy-1.14.9.jar;C:\apache-maven-3.8.4\local\org\hamcrest\hamcrest\2.2\hamcrest-2.2.jar;C:\apache-maven-3.8.4\local\org\junit\jupiter\junit-jupiter\5.9.3\junit-jupiter-5.9.3.jar;C:\apache-maven-3.8.4\local\org\junit\jupiter\junit-jupiter-api\5.9.3\junit-jupiter-api-5.9.3.jar;C:\apache-maven-3.8.4\local\org\opentest4j\opentest4j\1.2.0\opentest4j-1.2.0.jar;C:\apache-maven-3.8.4\local\org\junit\platform\junit-platform-commons\1.9.3\junit-platform-commons-1.9.3.jar;C:\apache-maven-3.8.4\local\org\apiguardian\apiguardian-api\1.1.2\apiguardian-api-1.1.2.jar;C:\apache-maven-3.8.4\local\org\junit\jupiter\junit-jupiter-params\5.9.3\junit-jupiter-params-5.9.3.jar;C:\apache-maven-3.8.4\local\org\junit\jupiter\junit-jupiter-engine\5.9.3\junit-jupiter-engine-5.9.3.jar;C:\apache-maven-3.8.4\local\org\junit\platform\junit-platform-engine\1.9.3\junit-platform-engine-1.9.3.jar;C:\apache-maven-3.8.4\local\org\mockito\mockito-core\5.3.1\mockito-core-5.3.1.jar;C:\apache-maven-3.8.4\local\net\bytebuddy\byte-buddy-agent\1.14.9\byte-buddy-agent-1.14.9.jar;C:\apache-maven-3.8.4\local\org\objenesis\objenesis\3.3\objenesis-3.3.jar;C:\apache-maven-3.8.4\local\org\mockito\mockito-junit-jupiter\5.3.1\mockito-junit-jupiter-5.3.1.jar;C:\apache-maven-3.8.4\local\org\skyscreamer\jsonassert\1.5.1\jsonassert-1.5.1.jar;C:\apache-maven-3.8.4\local\com\vaadin\external\google\android-json\0.0.20131108.vaadin1\android-json-0.0.20131108.vaadin1.jar;C:\apache-maven-3.8.4\local\org\springframework\spring-test\6.0.13\spring-test-6.0.13.jar;C:\apache-maven-3.8.4\local\org\xmlunit\xmlunit-core\2.9.1\xmlunit-core-2.9.1.jar;"/>
    <property name="sun.cpu.endian" value="little"/>
    <property name="user.home" value="C:\Users\21629"/>
    <property name="user.language" value="en"/>
    <property name="java.specification.vendor" value="Oracle Corporation"/>
    <property name="java.version.date" value="2023-07-18"/>
    <property name="java.home" value="C:\Program Files\Java\jdk-20"/>
    <property name="file.separator" value="\"/>
    <property name="basedir" value="C:\Users\21629\workspace\sts-workspace\ubidots_dashboard"/>
    <property name="java.vm.compressedOopsMode" value="Zero based"/>
    <property name="line.separator" value="&#10;"/>
    <property name="java.vm.specification.vendor" value="Oracle Corporation"/>
    <property name="java.specification.name" value="Java Platform API Specification"/>
    <property name="FILE_LOG_CHARSET" value="UTF-8"/>
    <property name="java.awt.headless" value="true"/>
    <property name="surefire.real.class.path" value="C:\Users\21629\AppData\Local\Temp\surefire14853863805033371066\surefirebooter-20231021215716572_3.jar"/>
    <property name="user.script" value=""/>
    <property name="sun.management.compiler" value="HotSpot 64-Bit Tiered Compilers"/>
    <property name="java.runtime.version" value="20.0.2+9-78"/>
    <property name="user.name" value="21629"/>
    <property name="stdout.encoding" value="Cp1252"/>
    <property name="path.separator" value=";"/>
    <property name="os.version" value="10.0"/>
    <property name="java.runtime.name" value="Java(TM) SE Runtime Environment"/>
    <property name="file.encoding" value="UTF-8"/>
    <property name="java.vm.name" value="Java HotSpot(TM) 64-Bit Server VM"/>
    <property name="localRepository" value="C:\apache-maven-3.8.4\local"/>
    <property name="java.vendor.url.bug" value="https://bugreport.java.com/bugreport/"/>
    <property name="java.io.tmpdir" value="C:\Users\21629\AppData\Local\Temp\"/>
    <property name="java.version" value="20.0.2"/>
    <property name="user.dir" value="C:\Users\21629\workspace\sts-workspace\ubidots_dashboard"/>
    <property name="os.arch" value="amd64"/>
    <property name="java.vm.specification.name" value="Java Virtual Machine Specification"/>
    <property name="PID" value="4128"/>
    <property name="sun.os.patch.level" value=""/>
    <property name="CONSOLE_LOG_CHARSET" value="UTF-8"/>
    <property name="native.encoding" value="Cp1252"/>
    <property name="java.library.path" value="C:\Program Files\Java\jdk-20\bin;C:\WINDOWS\Sun\Java\bin;C:\WINDOWS\system32;C:\WINDOWS;C:/sts-4.12.1.RELEASE//plugins/org.eclipse.justj.openjdk.hotspot.jre.full.win32.x86_64_17.0.0.v20211012-1059/jre/bin/server;C:/sts-4.12.1.RELEASE//plugins/org.eclipse.justj.openjdk.hotspot.jre.full.win32.x86_64_17.0.0.v20211012-1059/jre/bin;C:\Program Files\Common Files\Oracle\Java\javapath;C:\Program Files (x86)\VMware\VMware Workstation\bin\;C:\WINDOWS\system32;C:\WINDOWS;C:\WINDOWS\System32\Wbem;C:\WINDOWS\System32\WindowsPowerShell\v1.0\;C:\WINDOWS\System32\OpenSSH\;C:\Program Files\Git\cmd;C:\apache-maven-3.8.4\bin;C:\Program Files\OpenSSL-Win64\bin;C:\Program Files\PuTTY\;C:\Program Files\nodejs\;C:\Users\21629\AppData\Local\Pub\Cache\bin;C:\Users\21629\AppData\Local\Microsoft\WindowsApps;C:\flutter\flutter\bin;C:\Program Files\Java\jdk-20;C:\Users\21629\AppData\Roaming\npm;C:\Users\21629\AppData\Local\Pub\Cache\bin;;C:\sts-4.12.1.RELEASE;;."/>
    <property name="java.vm.info" value="mixed mode, sharing"/>
    <property name="stderr.encoding" value="Cp1252"/>
    <property name="java.vendor" value="Oracle Corporation"/>
    <property name="java.vm.version" value="20.0.2+9-78"/>
    <property name="sun.io.unicode.encoding" value="UnicodeLittle"/>
    <property name="java.class.version" value="64.0"/>
  </properties>
  <testcase name="contextLoads" classname="iset.iot.UbidotsDashboardApplicationTests" time="1.992">
    <system-out><![CDATA[21:57:17.970 [main] INFO org.springframework.test.context.support.AnnotationConfigContextLoaderUtils -- Could not detect default configuration classes for test class [iset.iot.UbidotsDashboardApplicationTests]: UbidotsDashboardApplicationTests does not declare any static, non-private, non-final, nested classes annotated with @Configuration.
21:57:18.157 [main] INFO org.springframework.boot.test.context.SpringBootTestContextBootstrapper -- Found @SpringBootConfiguration iset.iot.UbidotsDashboardApplication for test class iset.iot.UbidotsDashboardApplicationTests

  .   ____          _            __ _ _
 /\\ / ___'_ __ _ _(_)_ __  __ _ \ \ \ \
( ( )\___ | '_ | '_| | '_ \/ _` | \ \ \ \
 \\/  ___)| |_)| | | | | || (_| |  ) ) ) )
  '  |____| .__|_| |_|_| |_\__, | / / / /
 =========|_|==============|___/=/_/_/_/
 :: Spring Boot ::                (v3.1.5)

2023-10-21T21:57:19.022+01:00  INFO 4128 --- [           main] i.iot.UbidotsDashboardApplicationTests   : Starting UbidotsDashboardApplicationTests using Java 20.0.2 with PID 4128 (started by 21629 in C:\Users\21629\workspace\sts-workspace\ubidots_dashboard)
2023-10-21T21:57:19.027+01:00  INFO 4128 --- [           main] i.iot.UbidotsDashboardApplicationTests   : No active profile set, falling back to 1 default profile: "default"
2023-10-21T21:57:22.051+01:00  INFO 4128 --- [           main] i.iot.UbidotsDashboardApplicationTests   : Started UbidotsDashboardApplicationTests in 3.594 seconds (process running for 5.27)
]]></system-out>
  </testcase>
</testsuite>